I20251117 20:46:26 454547 dinov2 train.py:249] Starting training from iteration 0
W20251117 20:46:30 454547 py.warnings warnings.py:109] /data/tanyuyi/code/dinov2-frozen-path/dinov2/data/samplers.py:132: UserWarning: # of dropped samples: 2
  warnings.warn(f"# of dropped samples: {drop_count}")
Traceback (most recent call last):
  File "/data/tanyuyi/code/dinov2-frozen-path/dinov2/train/train.py", line 355, in <module>
    main(args)
  File "/data/tanyuyi/code/dinov2-frozen-path/dinov2/train/train.py", line 350, in main
    do_train(cfg, model, resume=not args.no_resume)
  File "/data/tanyuyi/code/dinov2-frozen-path/dinov2/train/train.py", line 277, in do_train
    loss_dict = model.forward_backward(data, teacher_temp=teacher_temp)
  File "/data/tanyuyi/code/dinov2-frozen-path/dinov2/train/ssl_meta_arch.py", line 500, in forward_backward
    student_global_backbone_output_dict, student_local_backbone_output_dict = self.student.backbone(
  File "/data/tanyuyi/anaconda3/envs/dinov2/lib/python3.9/site-packages/torch/nn/modules/module.py", line 1501, in _call_impl
    return forward_call(*args, **kwargs)
  File "/data/tanyuyi/anaconda3/envs/dinov2/lib/python3.9/site-packages/torch/distributed/fsdp/fully_sharded_data_parallel.py", line 748, in forward
    output = self._fsdp_wrapped_module(*args, **kwargs)
  File "/data/tanyuyi/anaconda3/envs/dinov2/lib/python3.9/site-packages/torch/nn/modules/module.py", line 1501, in _call_impl
    return forward_call(*args, **kwargs)
  File "/data/tanyuyi/code/dinov2-frozen-path/dinov2/train/ssl_meta_arch.py", line 135, in forward
    out = self._forward_single(inp, mask, is_training)
  File "/data/tanyuyi/code/dinov2-frozen-path/dinov2/train/ssl_meta_arch.py", line 146, in _forward_single
    features = self.model.forward_features(x)
  File "/data/tanyuyi/anaconda3/envs/dinov2/lib/python3.9/site-packages/timm/models/vision_transformer.py", line 935, in forward_features
    x = self.patch_embed(x)
  File "/data/tanyuyi/anaconda3/envs/dinov2/lib/python3.9/site-packages/torch/nn/modules/module.py", line 1501, in _call_impl
    return forward_call(*args, **kwargs)
  File "/data/tanyuyi/anaconda3/envs/dinov2/lib/python3.9/site-packages/timm/layers/patch_embed.py", line 121, in forward
    _assert(H == self.img_size[0], f"Input height ({H}) doesn't match model ({self.img_size[0]}).")
  File "/data/tanyuyi/anaconda3/envs/dinov2/lib/python3.9/site-packages/torch/__init__.py", line 1209, in _assert
    assert condition, message
AssertionError: Input height (96) doesn't match model (224).
